2025-10-24T17:24:53+02:00 redirect to: http://localhost/SRC_ORR/student_dashboard.php
2025-10-24T17:25:15+02:00 redirect to: http://localhost/SRC_ORR/admin_dashboard.php
2025-10-24T17:54:57+02:00 redirect to: http://localhost/SRC_ORR/admin_dashboard.php
2025-10-27T02:15:00+01:00 redirect to: http://localhost/src_orr/admin_dashboard.php
2025-11-03T06:39:04+01:00 redirect to: http://localhost/SRC_ORR/admin_dashboard.php
2025-11-07T07:41:36+01:00 redirect to: http://localhost/src_orr/login.php
2025-11-07T07:49:02+01:00 redirect to: http://localhost/src_orr/admin_dashboard.php
2025-11-07T08:13:55+01:00 redirect to: http://localhost/src_orr/admin_dashboard.php
2025-11-07T08:26:06+01:00 redirect to: http://localhost/SRC_ORR/student_dashboard.php
2025-11-07T08:27:56+01:00 redirect to: http://localhost/SRC_ORR/login.php
2025-11-07T08:28:04+01:00 redirect to: http://localhost/SRC_ORR/student_dashboard.php
2025-11-07T08:28:39+01:00 redirect to: http://localhost/src_orr/admin_dashboard.php
2025-11-07T09:32:03+01:00 redirect to: http://localhost/src_orr/student_dashboard.php
2025-11-07T09:35:07+01:00 redirect to: http://localhost/src_orr/admin_dashboard.php
2025-11-17T03:41:16+01:00 redirect to: http://localhost/src_orr/login.php
2025-11-17T03:41:32+01:00 redirect to: http://localhost/src_orr/admin_dashboard.php
2025-11-17T04:12:54+01:00 redirect to: http://localhost/src_orr/admin_dashboard.php
2025-11-17T04:35:55+01:00 redirect to: http://localhost/src_orr/student_dashboard.php
2025-11-17T04:46:50+01:00 redirect to: http://localhost/src_orr/admin_dashboard.php
2025-11-24T05:42:10+01:00 redirect to: http://localhost/SRC_ORR/admin_dashboard.php
2025-11-24T06:16:10+01:00 redirect to: http://localhost/SRC_ORR/login.php
2025-11-24T06:16:31+01:00 redirect to: http://localhost/SRC_ORR/login.php
2025-11-24T06:19:22+01:00 redirect to: http://localhost/SRC_ORR/login.php
2025-11-24T06:19:49+01:00 redirect to: http://localhost/SRC_ORR/login.php
2025-11-24T06:22:32+01:00 redirect to: http://localhost/SRC_ORR/login.php
2025-11-24T06:23:20+01:00 redirect to: http://localhost/SRC_ORR/login.php
2025-11-24T06:23:30+01:00 redirect to: http://localhost/SRC_ORR/login.php
2025-11-24T06:23:41+01:00 redirect to: http://localhost/SRC_ORR/login.php
2025-11-24T06:28:20+01:00 redirect to: http://localhost/SRC_ORR/admin_dashboard.php
2025-11-24T06:44:06+01:00 redirect to: http://localhost/SRC_ORR/admin_dashboard.php
2025-11-24T06:48:35+01:00 redirect to: http://localhost/SRC_ORR/admin_dashboard.php
2025-11-24T07:07:49+01:00 redirect to: http://localhost/SRC_ORR/admin_dashboard.php
2025-11-24T07:37:50+01:00 redirect to: http://localhost/SRC_ORR/admin_dashboard.php
2025-11-24T08:02:07+01:00 redirect to: http://localhost/SRC_ORR/admin_dashboard.php
2025-11-24T08:02:23+01:00 redirect to: http://localhost/SRC_ORR/login.php
2025-11-24T08:02:33+01:00 redirect to: http://localhost/SRC_ORR/subadmin_dashboard.php
2025-11-24T08:05:05+01:00 redirect to: http://localhost/SRC_ORR/admin_dashboard.php
2025-11-24T08:05:29+01:00 redirect to: http://localhost/SRC_ORR/student_dashboard.php
2025-11-24T08:06:07+01:00 redirect to: http://localhost/SRC_ORR/subadmin_dashboard.php
2025-11-24T08:27:42+01:00 redirect to: http://localhost/SRC_ORR/login.php
2025-11-24T08:28:00+01:00 redirect to: http://localhost/SRC_ORR/login.php
2025-11-24T08:28:19+01:00 redirect to: http://localhost/SRC_ORR/login.php
2025-11-24T08:28:33+01:00 redirect to: http://localhost/SRC_ORR/subadmin_dashboard.php
2025-11-24T08:49:41+01:00 redirect to: http://localhost/SRC_ORR/admin_dashboard.php
2025-11-24T08:56:22+01:00 redirect to: http://localhost/SRC_ORR/admin_dashboard.php
2025-11-24T08:56:44+01:00 redirect to: http://localhost/SRC_ORR/student_dashboard.php
2025-11-24T08:57:14+01:00 redirect to: http://localhost/SRC_ORR/login.php
2025-11-24T08:57:22+01:00 redirect to: http://localhost/SRC_ORR/login.php
2025-11-24T08:57:31+01:00 redirect to: http://localhost/SRC_ORR/subadmin_dashboard.php
2025-11-24T08:57:55+01:00 redirect to: http://localhost/SRC_ORR/admin_dashboard.php
2025-11-25T08:59:18+01:00 redirect to: http://localhost/SRC_ORR/admin_dashboard.php
2025-11-28T06:58:32+01:00 redirect to: http://localhost/SRC_ORR/admin_dashboard.php
2025-12-01T06:46:30+01:00 redirect to: http://localhost/SRC_ORR/admin_dashboard.php
2025-12-01T07:40:19+01:00 redirect to: http://localhost/SRC_ORR/admin_dashboard.php
2025-12-01T08:03:57+01:00 redirect to: http://localhost/SRC_ORR/login.php
2025-12-01T08:04:12+01:00 redirect to: http://localhost/SRC_ORR/admin_dashboard.php
2025-12-01T08:19:30+01:00 redirect to: http://localhost/SRC_ORR/student_dashboard.php
2025-12-01T08:22:25+01:00 redirect to: http://localhost/SRC_ORR/admin_dashboard.php
2025-12-04T05:27:38+01:00 redirect to: http://localhost/SRC_ORR/admin_dashboard.php
2025-12-09T06:36:36+01:00 redirect to: http://localhost/SRC_ORR/admin_dashboard.php
2025-12-15T08:11:45+01:00 redirect to: http://localhost/SRC_ORR/login.php
2025-12-15T08:12:47+01:00 redirect to: http://localhost/SRC_ORR/login.php
2025-12-15T08:15:54+01:00 redirect to: http://localhost/SRC_ORR/admin_dashboard.php
2025-12-15T08:27:51+01:00 redirect to: http://localhost/SRC_ORR/subadmin_dashboard.php
2025-12-15T08:30:42+01:00 redirect to: http://localhost/SRC_ORR/subadmin_dashboard.php
2025-12-15T08:35:38+01:00 redirect to: http://localhost/SRC_ORR/admin_dashboard.php
2025-12-16T04:11:24+01:00 redirect to: http://localhost/SRC_ORR/admin_dashboard.php
2026-01-20T03:42:53+01:00 redirect to: http://localhost/SRC_ORR/login.php
2026-01-20T03:43:05+01:00 redirect to: http://localhost/SRC_ORR/admin_dashboard.php
